<?xml version="1.0" encoding="UTF-8"?>
<!-- Generated by org.testng.reporters.JUnitReportReporter -->
<testsuite hostname="LAPTOP-A2U1Q2JU" failures="0" tests="1" name="demo.test2" time="0.008" errors="0" timestamp="2021-10-01T14:49:44 IST" skipped="0">
  <testcase classname="demo.test2" name="tc1" time="0.008"/>
</testsuite> <!-- demo.test2 -->
