<?xml version="1.0" encoding="UTF-8"?>
<!-- Generated by org.testng.reporters.JUnitReportReporter -->
<testsuite hostname="LAPTOP-A2U1Q2JU" failures="0" tests="1" name="demo.test0" time="0.003" errors="0" timestamp="2021-10-01T14:49:44 IST" skipped="0">
  <testcase classname="demo.test0" name="tc1" time="0.003"/>
</testsuite> <!-- demo.test0 -->
